{"contracts/USElection.sol":{"l":{"26":7,"27":6,"35":5,"36":4,"40":3,"45":2,"46":2,"47":1,"49":1,"52":2,"53":2,"55":2,"59":5,"60":1,"62":4,"63":3,"65":1,"69":1,"70":1},"path":"/Users/georgi-lazarov/Desktop/test/contracts/USElection.sol","s":{"1":7,"2":5,"3":4,"4":3,"5":2,"6":2,"7":1,"8":1,"9":2,"10":2,"11":2,"12":5,"13":1,"14":4,"15":3,"16":1,"17":1,"18":1},"b":{"1":[6,1],"2":[4,1],"3":[3,1],"4":[2,1],"5":[1,1],"6":[1,4],"7":[3,1]},"f":{"1":7,"2":5,"3":5,"4":1},"fnMap":{"1":{"name":"onlyActiveElection","line":25,"loc":{"start":{"line":25,"column":4},"end":{"line":28,"column":4}}},"2":{"name":"submitStateResult","line":33,"loc":{"start":{"line":30,"column":4},"end":{"line":56,"column":4}}},"3":{"name":"currentLeader","line":58,"loc":{"start":{"line":58,"column":4},"end":{"line":66,"column":4}}},"4":{"name":"endElection","line":68,"loc":{"start":{"line":68,"column":4},"end":{"line":71,"column":4}}}},"statementMap":{"1":{"start":{"line":26,"column":8},"end":{"line":26,"column":64}},"2":{"start":{"line":35,"column":8},"end":{"line":35,"column":73}},"3":{"start":{"line":36,"column":8},"end":{"line":36,"column":965}},"4":{"start":{"line":40,"column":8},"end":{"line":40,"column":1081}},"5":{"start":{"line":45,"column":8},"end":{"line":45,"column":20}},"6":{"start":{"line":46,"column":8},"end":{"line":46,"column":1231}},"7":{"start":{"line":47,"column":12},"end":{"line":47,"column":25}},"8":{"start":{"line":49,"column":12},"end":{"line":49,"column":25}},"9":{"start":{"line":52,"column":8},"end":{"line":52,"column":41}},"10":{"start":{"line":53,"column":8},"end":{"line":53,"column":43}},"11":{"start":{"line":55,"column":8},"end":{"line":55,"column":67}},"12":{"start":{"line":59,"column":8},"end":{"line":59,"column":1594}},"13":{"start":{"line":60,"column":12},"end":{"line":60,"column":24}},"14":{"start":{"line":62,"column":8},"end":{"line":62,"column":1673}},"15":{"start":{"line":63,"column":12},"end":{"line":63,"column":24}},"16":{"start":{"line":65,"column":8},"end":{"line":65,"column":16}},"17":{"start":{"line":69,"column":8},"end":{"line":69,"column":27}},"18":{"start":{"line":70,"column":8},"end":{"line":70,"column":46}}},"branchMap":{"1":{"line":26,"type":"if","locations":[{"start":{"line":26,"column":8},"end":{"line":26,"column":8}},{"start":{"line":26,"column":8},"end":{"line":26,"column":8}}]},"2":{"line":35,"type":"if","locations":[{"start":{"line":35,"column":8},"end":{"line":35,"column":8}},{"start":{"line":35,"column":8},"end":{"line":35,"column":8}}]},"3":{"line":36,"type":"if","locations":[{"start":{"line":36,"column":8},"end":{"line":36,"column":8}},{"start":{"line":36,"column":8},"end":{"line":36,"column":8}}]},"4":{"line":40,"type":"if","locations":[{"start":{"line":40,"column":8},"end":{"line":40,"column":8}},{"start":{"line":40,"column":8},"end":{"line":40,"column":8}}]},"5":{"line":46,"type":"if","locations":[{"start":{"line":46,"column":8},"end":{"line":46,"column":8}},{"start":{"line":46,"column":8},"end":{"line":46,"column":8}}]},"6":{"line":59,"type":"if","locations":[{"start":{"line":59,"column":8},"end":{"line":59,"column":8}},{"start":{"line":59,"column":8},"end":{"line":59,"column":8}}]},"7":{"line":62,"type":"if","locations":[{"start":{"line":62,"column":8},"end":{"line":62,"column":8}},{"start":{"line":62,"column":8},"end":{"line":62,"column":8}}]}}}}