TN:
SF:/Users/georgi-lazarov/Desktop/test/contracts/USElection.sol
FN:25,onlyActiveElection
FN:33,submitStateResult
FN:58,currentLeader
FN:68,endElection
FNF:4
FNH:4
FNDA:7,onlyActiveElection
FNDA:5,submitStateResult
FNDA:5,currentLeader
FNDA:1,endElection
DA:26,7
DA:27,6
DA:35,5
DA:36,4
DA:40,3
DA:45,2
DA:46,2
DA:47,1
DA:49,1
DA:52,2
DA:53,2
DA:55,2
DA:59,5
DA:60,1
DA:62,4
DA:63,3
DA:65,1
DA:69,1
DA:70,1
LF:19
LH:19
BRDA:26,1,0,6
BRDA:26,1,1,1
BRDA:35,2,0,4
BRDA:35,2,1,1
BRDA:36,3,0,3
BRDA:36,3,1,1
BRDA:40,4,0,2
BRDA:40,4,1,1
BRDA:46,5,0,1
BRDA:46,5,1,1
BRDA:59,6,0,1
BRDA:59,6,1,4
BRDA:62,7,0,3
BRDA:62,7,1,1
BRF:14
BRH:14
end_of_record
